<?xml version="1.0" encoding="UTF-8"?>
<testng-results ignored="0" total="1" passed="1" failed="0" skipped="0">
  <reporter-output>
    <line>
      <![CDATA[Stock-000003365       Stock-000003365]]>
    </line>
    <line>
      <![CDATA[Supplier-00000006881     Supplier-00000006881]]>
    </line>
    <line>
      <![CDATA[Customer-00000012455     Customer-00000012455]]>
    </line>
  </reporter-output>
  <suite started-at="2024-10-30T14:55:38 IST" name="Default suite" finished-at="2024-10-30T15:04:38 IST" duration-ms="540393">
    <groups>
    </groups>
    <test started-at="2024-10-30T14:55:38 IST" name="Default test" finished-at="2024-10-30T15:04:38 IST" duration-ms="540393">
      <class name="driverFactory.AppTest">
        <test-method signature="kickStart()[pri:0, instance:driverFactory.AppTest@74d1dc36]" started-at="2024-10-30T14:55:38 IST" name="kickStart" finished-at="2024-10-30T15:04:38 IST" duration-ms="540289" status="PASS">
          <reporter-output>
            <line>
              <![CDATA[Stock-000003365       Stock-000003365]]>
            </line>
            <line>
              <![CDATA[Supplier-00000006881     Supplier-00000006881]]>
            </line>
            <line>
              <![CDATA[Customer-00000012455     Customer-00000012455]]>
            </line>
          </reporter-output>
        </test-method> <!-- kickStart -->
      </class> <!-- driverFactory.AppTest -->
    </test> <!-- Default test -->
  </suite> <!-- Default suite -->
</testng-results>
